<?xml version="1.0" encoding="UTF-8"?>
<!-- Generated by org.testng.reporters.JUnitReportReporter -->
<testsuite skipped="0" hostname="DESKTOP-3R73L8V" name="testCases.TC_001_AccountRegistration" tests="1" failures="0" timestamp="2021-08-18T07:37:57 IST" time="8.281" errors="0">
  <testcase name="test_account_Registration" time="8.281" classname="testCases.TC_001_AccountRegistration"/>
  <system-out/>
</testsuite> <!-- testCases.TC_001_AccountRegistration -->
